<?xml version="1.0" encoding="UTF-8"?>
<!-- Generated by org.testng.reporters.JUnitReportReporter -->
<testsuite hostname="Macbook-Pro.attlocal.net" failures="0" tests="4" name="com.qa.api.swagger.tests.SwaggerPet_API" time="6.917" errors="0" timestamp="2022-09-18T22:08:14 PDT" skipped="0">
  <testcase classname="com.qa.api.swagger.tests.SwaggerPet_API" name="createNewPetAPI_Test" time="5.144"/>
  <system-out/>
  <testcase classname="com.qa.api.swagger.tests.SwaggerPet_API" name="getPetAPI_Test" time="0.629"/>
  <system-out/>
  <testcase classname="com.qa.api.swagger.tests.SwaggerPet_API" name="updatePetAPI_Test" time="0.594"/>
  <system-out/>
  <testcase classname="com.qa.api.swagger.tests.SwaggerPet_API" name="deletePetAPI_Test" time="0.550"/>
  <system-out/>
</testsuite> <!-- com.qa.api.swagger.tests.SwaggerPet_API -->
